\BOOKMARK [0][-]{chapter.1}{CanSat and Base Station Design}{}% 1
\BOOKMARK [1][-]{section.1.1}{Summary of Changes}{chapter.1}% 2
\BOOKMARK [1][-]{section.1.2}{Mission Overview}{chapter.1}% 3
\BOOKMARK [2][-]{subsection.1.2.1}{Primary Mission}{section.1.2}% 4
\BOOKMARK [2][-]{subsection.1.2.2}{Secondary Mission}{section.1.2}% 5
\BOOKMARK [2][-]{subsection.1.2.3}{CanSat and Base Station Architecture}{section.1.2}% 6
\BOOKMARK [1][-]{section.1.3}{Prototype CanSat}{chapter.1}% 7
\BOOKMARK [2][-]{subsection.1.3.1}{Overview}{section.1.3}% 8
\BOOKMARK [2][-]{subsection.1.3.2}{Mechanical Design}{section.1.3}% 9
\BOOKMARK [2][-]{subsection.1.3.3}{Electrical Design}{section.1.3}% 10
\BOOKMARK [2][-]{subsection.1.3.4}{Software Design}{section.1.3}% 11
\BOOKMARK [2][-]{subsection.1.3.5}{Budget}{section.1.3}% 12
\BOOKMARK [1][-]{section.1.4}{Final CanSat}{chapter.1}% 13
\BOOKMARK [2][-]{subsection.1.4.1}{Overview}{section.1.4}% 14
\BOOKMARK [2][-]{subsection.1.4.2}{Mechanical Design}{section.1.4}% 15
\BOOKMARK [2][-]{subsection.1.4.3}{Electrical Design}{section.1.4}% 16
\BOOKMARK [2][-]{subsection.1.4.4}{Software Design}{section.1.4}% 17
\BOOKMARK [2][-]{subsection.1.4.5}{Budget}{section.1.4}% 18
\BOOKMARK [0][-]{chapter.2}{Launch Campaigns}{}% 19
\BOOKMARK [1][-]{section.2.1}{UK Launch Campaign: CanSat Mission}{chapter.2}% 20
\BOOKMARK [2][-]{subsection.2.1.1}{Launch Setup}{section.2.1}% 21
\BOOKMARK [2][-]{subsection.2.1.2}{Helikite Installation}{section.2.1}% 22
\BOOKMARK [2][-]{subsection.2.1.3}{CanSat Descent}{section.2.1}% 23
\BOOKMARK [2][-]{subsection.2.1.4}{Radio Performance}{section.2.1}% 24
\BOOKMARK [2][-]{subsection.2.1.5}{Module Recovery}{section.2.1}% 25
\BOOKMARK [2][-]{subsection.2.1.6}{Data Recovery}{section.2.1}% 26
\BOOKMARK [1][-]{section.2.2}{UK Launch Campaign: Data Analysis}{chapter.2}% 27
\BOOKMARK [2][-]{subsection.2.2.1}{Primary Mission: Temperature and Pressure}{section.2.2}% 28
\BOOKMARK [2][-]{subsection.2.2.2}{Secondary Mission: CanSat Motion}{section.2.2}% 29
\BOOKMARK [2][-]{subsection.2.2.3}{Secondary Mission: Heat Map}{section.2.2}% 30
\BOOKMARK [1][-]{section.2.3}{EU Launch Campaign: CanSat Mission}{chapter.2}% 31
\BOOKMARK [2][-]{subsection.2.3.1}{Launch Setup}{section.2.3}% 32
\BOOKMARK [2][-]{subsection.2.3.2}{Rocket Launch and Descent}{section.2.3}% 33
\BOOKMARK [2][-]{subsection.2.3.3}{Radio Performance}{section.2.3}% 34
\BOOKMARK [2][-]{subsection.2.3.4}{Module Recovery}{section.2.3}% 35
\BOOKMARK [2][-]{subsection.2.3.5}{Data Recovery}{section.2.3}% 36
\BOOKMARK [1][-]{section.2.4}{EU Launch Campaign: Data Analysis}{chapter.2}% 37
\BOOKMARK [2][-]{subsection.2.4.1}{Primary Mission}{section.2.4}% 38
\BOOKMARK [2][-]{subsection.2.4.2}{Secondary Mission}{section.2.4}% 39
\BOOKMARK [2][-]{subsection.2.4.3}{Module Status}{section.2.4}% 40
\BOOKMARK [0][-]{chapter.3}{Module Improvement}{}% 41
\BOOKMARK [1][-]{section.3.1}{Mechanical Design}{chapter.3}% 42
\BOOKMARK [1][-]{section.3.2}{Electrical Design}{chapter.3}% 43
\BOOKMARK [1][-]{section.3.3}{Software Design}{chapter.3}% 44
\BOOKMARK [1][-]{section.3.4}{Base Station}{chapter.3}% 45
\BOOKMARK [0][-]{chapter.4}{Outreach}{}% 46
\BOOKMARK [1][-]{section.4.1}{Online Presence}{chapter.4}% 47
\BOOKMARK [1][-]{section.4.2}{In-Person Outreach}{chapter.4}% 48
\BOOKMARK [0][-]{chapter.5}{Team Information}{}% 49
\BOOKMARK [1][-]{section.5.1}{Team Management}{chapter.5}% 50
\BOOKMARK [1][-]{section.5.2}{Team Organization and Roles}{chapter.5}% 51
