This is pdfTeX, Version 3.14159265-2.6-1.40.18 (TeX Live 2017/W32TeX) (preloaded format=pdflatex 2017.6.15)  7 JUL 2017 16:57
entering extended mode
 restricted \write18 enabled.
 %&-line parsing enabled.
**./finalCFR.tex
(./finalCFR.tex
LaTeX2e <2017-04-15>
Babel <3.10> and hyphenation patterns for 84 language(s) loaded.
(c:/texlive/2017/texmf-dist/tex/latex/base/report.cls
Document Class: report 2014/09/29 v1.4h Standard LaTeX document class
(c:/texlive/2017/texmf-dist/tex/latex/base/size10.clo
File: size10.clo 2014/09/29 v1.4h Standard LaTeX file (size option)
)
\c@part=\count79
\c@chapter=\count80
\c@section=\count81
\c@subsection=\count82
\c@subsubsection=\count83
\c@paragraph=\count84
\c@subparagraph=\count85
\c@figure=\count86
\c@table=\count87
\abovecaptionskip=\skip41
\belowcaptionskip=\skip42
\bibindent=\dimen102
)
(c:/texlive/2017/texmf-dist/tex/latex/tools/longtable.sty
Package: longtable 2014/10/28 v4.11 Multi-page Table package (DPC)
\LTleft=\skip43
\LTright=\skip44
\LTpre=\skip45
\LTpost=\skip46
\LTchunksize=\count88
\LTcapwidth=\dimen103
\LT@head=\box26
\LT@firsthead=\box27
\LT@foot=\box28
\LT@lastfoot=\box29
\LT@cols=\count89
\LT@rows=\count90
\c@LT@tables=\count91
\c@LT@chunks=\count92
\LT@p@ftn=\toks14
)
(c:/texlive/2017/texmf-dist/tex/latex/graphics/graphicx.sty
Package: graphicx 2017/06/01 v1.1a Enhanced LaTeX Graphics (DPC,SPQR)

(c:/texlive/2017/texmf-dist/tex/latex/graphics/keyval.sty
Package: keyval 2014/10/28 v1.15 key=value parser (DPC)
\KV@toks@=\toks15
)
(c:/texlive/2017/texmf-dist/tex/latex/graphics/graphics.sty
Package: graphics 2017/06/13 v1.2b Standard LaTeX Graphics (DPC,SPQR)

(c:/texlive/2017/texmf-dist/tex/latex/graphics/trig.sty
Package: trig 2016/01/03 v1.10 sin cos tan (DPC)
)
(c:/texlive/2017/texmf-dist/tex/latex/graphics-cfg/graphics.cfg
File: graphics.cfg 2016/06/04 v1.11 sample graphics configuration
)
Package graphics Info: Driver file: pdftex.def on input line 99.

(c:/texlive/2017/texmf-dist/tex/latex/graphics-def/pdftex.def
File: pdftex.def 2017/06/12 v1.0b Graphics/color driver for pdftex
))
\Gin@req@height=\dimen104
\Gin@req@width=\dimen105
)
(c:/texlive/2017/texmf-dist/tex/latex/amsmath/amsmath.sty
Package: amsmath 2016/11/05 v2.16a AMS math features
\@mathmargin=\skip47

For additional information on amsmath, use the `?' option.
(c:/texlive/2017/texmf-dist/tex/latex/amsmath/amstext.sty
Package: amstext 2000/06/29 v2.01 AMS text

(c:/texlive/2017/texmf-dist/tex/latex/amsmath/amsgen.sty
File: amsgen.sty 1999/11/30 v2.0 generic functions
\@emptytoks=\toks16
\ex@=\dimen106
))
(c:/texlive/2017/texmf-dist/tex/latex/amsmath/amsbsy.sty
Package: amsbsy 1999/11/29 v1.2d Bold Symbols
\pmbraise@=\dimen107
)
(c:/texlive/2017/texmf-dist/tex/latex/amsmath/amsopn.sty
Package: amsopn 2016/03/08 v2.02 operator names
)
\inf@bad=\count93
LaTeX Info: Redefining \frac on input line 213.
\uproot@=\count94
\leftroot@=\count95
LaTeX Info: Redefining \overline on input line 375.
\classnum@=\count96
\DOTSCASE@=\count97
LaTeX Info: Redefining \ldots on input line 472.
LaTeX Info: Redefining \dots on input line 475.
LaTeX Info: Redefining \cdots on input line 596.
\Mathstrutbox@=\box30
\strutbox@=\box31
\big@size=\dimen108
LaTeX Font Info:    Redeclaring font encoding OML on input line 712.
LaTeX Font Info:    Redeclaring font encoding OMS on input line 713.
\macc@depth=\count98
\c@MaxMatrixCols=\count99
\dotsspace@=\muskip10
\c@parentequation=\count100
\dspbrk@lvl=\count101
\tag@help=\toks17
\row@=\count102
\column@=\count103
\maxfields@=\count104
\andhelp@=\toks18
\eqnshift@=\dimen109
\alignsep@=\dimen110
\tagshift@=\dimen111
\tagwidth@=\dimen112
\totwidth@=\dimen113
\lineht@=\dimen114
\@envbody=\toks19
\multlinegap=\skip48
\multlinetaggap=\skip49
\mathdisplay@stack=\toks20
LaTeX Info: Redefining \[ on input line 2817.
LaTeX Info: Redefining \] on input line 2818.
)
(c:/texlive/2017/texmf-dist/tex/latex/eurosym/eurosym.sty
Package: eurosym 1998/08/06 v1.1 European currency symbol ``Euro''
\@eurobox=\box32
)
(c:/texlive/2017/texmf-dist/tex/latex/caption/subcaption.sty
Package: subcaption 2016/05/22 v1.1-161 Sub-captions (AR)

(c:/texlive/2017/texmf-dist/tex/latex/caption/caption.sty
Package: caption 2016/02/21 v3.3-144 Customizing captions (AR)

(c:/texlive/2017/texmf-dist/tex/latex/caption/caption3.sty
Package: caption3 2016/05/22 v1.7-166 caption3 kernel (AR)
Package caption3 Info: TeX engine: e-TeX on input line 67.
\captionmargin=\dimen115
\captionmargin@=\dimen116
\captionwidth=\dimen117
\caption@tempdima=\dimen118
\caption@indent=\dimen119
\caption@parindent=\dimen120
\caption@hangindent=\dimen121
)
\c@ContinuedFloat=\count105
Package caption Info: longtable package is loaded.

(c:/texlive/2017/texmf-dist/tex/latex/caption/ltcaption.sty
Package: ltcaption 2013/06/09 v1.4-94 longtable captions (AR)
))
\c@subfigure=\count106
\c@subtable=\count107
)
(c:/texlive/2017/texmf-dist/tex/latex/wrapfig/wrapfig.sty
\wrapoverhang=\dimen122
\WF@size=\dimen123
\c@WF@wrappedlines=\count108
\WF@box=\box33
\WF@everypar=\toks21
Package: wrapfig 2003/01/31  v 3.6
)
(c:/texlive/2017/texmf-dist/tex/latex/graphics/rotating.sty
Package: rotating 2016/08/11 v2.16d rotated objects in LaTeX

(c:/texlive/2017/texmf-dist/tex/latex/base/ifthen.sty
Package: ifthen 2014/09/29 v1.1c Standard LaTeX ifthen package (DPC)
)
\c@r@tfl@t=\count109
\rotFPtop=\skip50
\rotFPbot=\skip51
\rot@float@box=\box34
\rot@mess@toks=\toks22
)
(c:/texlive/2017/texmf-dist/tex/latex/was/gensymb.sty
Package: gensymb 2003/07/02 v1.0 (WaS)
)
(c:/texlive/2017/texmf-dist/tex/latex/hyperref/hyperref.sty
Package: hyperref 2017/03/14 v6.85a Hypertext links for LaTeX

(c:/texlive/2017/texmf-dist/tex/generic/oberdiek/hobsub-hyperref.sty
Package: hobsub-hyperref 2016/05/16 v1.14 Bundle oberdiek, subset hyperref (HO)


(c:/texlive/2017/texmf-dist/tex/generic/oberdiek/hobsub-generic.sty
Package: hobsub-generic 2016/05/16 v1.14 Bundle oberdiek, subset generic (HO)
Package: hobsub 2016/05/16 v1.14 Construct package bundles (HO)
Package: infwarerr 2016/05/16 v1.4 Providing info/warning/error messages (HO)
Package: ltxcmds 2016/05/16 v1.23 LaTeX kernel commands for general use (HO)
Package: ifluatex 2016/05/16 v1.4 Provides the ifluatex switch (HO)
Package ifluatex Info: LuaTeX not detected.
Package: ifvtex 2016/05/16 v1.6 Detect VTeX and its facilities (HO)
Package ifvtex Info: VTeX not detected.
Package: intcalc 2016/05/16 v1.2 Expandable calculations with integers (HO)
Package: ifpdf 2017/03/15 v3.2 Provides the ifpdf switch
Package: etexcmds 2016/05/16 v1.6 Avoid name clashes with e-TeX commands (HO)
Package etexcmds Info: Could not find \expanded.
(etexcmds)             That can mean that you are not using pdfTeX 1.50 or
(etexcmds)             that some package has redefined \expanded.
(etexcmds)             In the latter case, load this package earlier.
Package: kvsetkeys 2016/05/16 v1.17 Key value parser (HO)
Package: kvdefinekeys 2016/05/16 v1.4 Define keys (HO)
Package: pdftexcmds 2017/03/19 v0.25 Utility functions of pdfTeX for LuaTeX (HO
)
Package pdftexcmds Info: LuaTeX not detected.
Package pdftexcmds Info: \pdf@primitive is available.
Package pdftexcmds Info: \pdf@ifprimitive is available.
Package pdftexcmds Info: \pdfdraftmode found.
Package: pdfescape 2016/05/16 v1.14 Implements pdfTeX's escape features (HO)
Package: bigintcalc 2016/05/16 v1.4 Expandable calculations on big integers (HO
)
Package: bitset 2016/05/16 v1.2 Handle bit-vector datatype (HO)
Package: uniquecounter 2016/05/16 v1.3 Provide unlimited unique counter (HO)
)
Package hobsub Info: Skipping package `hobsub' (already loaded).
Package: letltxmacro 2016/05/16 v1.5 Let assignment for LaTeX macros (HO)
Package: hopatch 2016/05/16 v1.3 Wrapper for package hooks (HO)
Package: xcolor-patch 2016/05/16 xcolor patch
Package: atveryend 2016/05/16 v1.9 Hooks at the very end of document (HO)
Package atveryend Info: \enddocument detected (standard20110627).
Package: atbegshi 2016/06/09 v1.18 At begin shipout hook (HO)
Package: refcount 2016/05/16 v3.5 Data extraction from label references (HO)
Package: hycolor 2016/05/16 v1.8 Color options for hyperref/bookmark (HO)
)
(c:/texlive/2017/texmf-dist/tex/generic/ifxetex/ifxetex.sty
Package: ifxetex 2010/09/12 v0.6 Provides ifxetex conditional
)
(c:/texlive/2017/texmf-dist/tex/latex/oberdiek/auxhook.sty
Package: auxhook 2016/05/16 v1.4 Hooks for auxiliary files (HO)
)
(c:/texlive/2017/texmf-dist/tex/latex/oberdiek/kvoptions.sty
Package: kvoptions 2016/05/16 v3.12 Key value format for package options (HO)
)
\@linkdim=\dimen124
\Hy@linkcounter=\count110
\Hy@pagecounter=\count111

(c:/texlive/2017/texmf-dist/tex/latex/hyperref/pd1enc.def
File: pd1enc.def 2017/03/14 v6.85a Hyperref: PDFDocEncoding definition (HO)
)
\Hy@SavedSpaceFactor=\count112

(c:/texlive/2017/texmf-dist/tex/latex/latexconfig/hyperref.cfg
File: hyperref.cfg 2002/06/06 v1.2 hyperref configuration of TeXLive
)
Package hyperref Info: Hyper figures OFF on input line 4498.
Package hyperref Info: Link nesting OFF on input line 4503.
Package hyperref Info: Hyper index ON on input line 4506.
Package hyperref Info: Plain pages OFF on input line 4513.
Package hyperref Info: Backreferencing OFF on input line 4518.
Package hyperref Info: Implicit mode ON; LaTeX internals redefined.
Package hyperref Info: Bookmarks ON on input line 4751.
\c@Hy@tempcnt=\count113

(c:/texlive/2017/texmf-dist/tex/latex/url/url.sty
\Urlmuskip=\muskip11
Package: url 2013/09/16  ver 3.4  Verb mode for urls, etc.
)
LaTeX Info: Redefining \url on input line 5104.
\XeTeXLinkMargin=\dimen125
\Fld@menulength=\count114
\Field@Width=\dimen126
\Fld@charsize=\dimen127
Package hyperref Info: Hyper figures OFF on input line 6358.
Package hyperref Info: Link nesting OFF on input line 6363.
Package hyperref Info: Hyper index ON on input line 6366.
Package hyperref Info: backreferencing OFF on input line 6373.
Package hyperref Info: Link coloring OFF on input line 6378.
Package hyperref Info: Link coloring with OCG OFF on input line 6383.
Package hyperref Info: PDF/A mode OFF on input line 6388.
LaTeX Info: Redefining \ref on input line 6428.
LaTeX Info: Redefining \pageref on input line 6432.
\Hy@abspage=\count115
\c@Item=\count116
\c@Hfootnote=\count117
)

Package hyperref Message: Driver (autodetected): hpdftex.

(c:/texlive/2017/texmf-dist/tex/latex/hyperref/hpdftex.def
File: hpdftex.def 2017/03/14 v6.85a Hyperref driver for pdfTeX
\Fld@listcount=\count118
\c@bookmark@seq@number=\count119

(c:/texlive/2017/texmf-dist/tex/latex/oberdiek/rerunfilecheck.sty
Package: rerunfilecheck 2016/05/16 v1.8 Rerun checks for auxiliary files (HO)
Package uniquecounter Info: New unique counter `rerunfilecheck' on input line 2
82.
)
\Hy@SectionHShift=\skip52
)
(c:/texlive/2017/texmf-dist/tex/latex/placeins/placeins.sty
Package: placeins 2005/04/18  v 2.2
)
(c:/texlive/2017/texmf-dist/tex/latex/geometry/geometry.sty
Package: geometry 2010/09/12 v5.6 Page Geometry
\Gm@cnth=\count120
\Gm@cntv=\count121
\c@Gm@tempcnt=\count122
\Gm@bindingoffset=\dimen128
\Gm@wd@mp=\dimen129
\Gm@odd@mp=\dimen130
\Gm@even@mp=\dimen131
\Gm@layoutwidth=\dimen132
\Gm@layoutheight=\dimen133
\Gm@layouthoffset=\dimen134
\Gm@layoutvoffset=\dimen135
\Gm@dimlist=\toks23
) (./finalCFR.aux)
\openout1 = `finalCFR.aux'.

LaTeX Font Info:    Checking defaults for OML/cmm/m/it on input line 19.
LaTeX Font Info:    ... okay on input line 19.
LaTeX Font Info:    Checking defaults for T1/cmr/m/n on input line 19.
LaTeX Font Info:    ... okay on input line 19.
LaTeX Font Info:    Checking defaults for OT1/cmr/m/n on input line 19.
LaTeX Font Info:    ... okay on input line 19.
LaTeX Font Info:    Checking defaults for OMS/cmsy/m/n on input line 19.
LaTeX Font Info:    ... okay on input line 19.
LaTeX Font Info:    Checking defaults for OMX/cmex/m/n on input line 19.
LaTeX Font Info:    ... okay on input line 19.
LaTeX Font Info:    Checking defaults for U/cmr/m/n on input line 19.
LaTeX Font Info:    ... okay on input line 19.
LaTeX Font Info:    Checking defaults for PD1/pdf/m/n on input line 19.
LaTeX Font Info:    ... okay on input line 19.

(c:/texlive/2017/texmf-dist/tex/context/base/mkii/supp-pdf.mkii
[Loading MPS to PDF converter (version 2006.09.02).]
\scratchcounter=\count123
\scratchdimen=\dimen136
\scratchbox=\box35
\nofMPsegments=\count124
\nofMParguments=\count125
\everyMPshowfont=\toks24
\MPscratchCnt=\count126
\MPscratchDim=\dimen137
\MPnumerator=\count127
\makeMPintoPDFobject=\count128
\everyMPtoPDFconversion=\toks25
) (c:/texlive/2017/texmf-dist/tex/latex/oberdiek/epstopdf-base.sty
Package: epstopdf-base 2016/05/15 v2.6 Base part for package epstopdf

(c:/texlive/2017/texmf-dist/tex/latex/oberdiek/grfext.sty
Package: grfext 2016/05/16 v1.2 Manage graphics extensions (HO)
)
Package epstopdf-base Info: Redefining graphics rule for `.eps' on input line 4
38.
Package grfext Info: Graphics extension search list:
(grfext)             [.pdf,.png,.jpg,.mps,.jpeg,.jbig2,.jb2,.PDF,.PNG,.JPG,.JPE
G,.JBIG2,.JB2 ,.eps]
(grfext)             \AppendGraphicsExtensions on input line 456.

(c:/texlive/2017/texmf-dist/tex/latex/latexconfig/epstopdf-sys.cfg
File: epstopdf-sys.cfg 2010/07/13 v1.3 Configuration of (r)epstopdf for TeX Liv
e
))
Package caption Info: Begin \AtBeginDocument code.
Package caption Info: hyperref package is loaded.
Package caption Info: rotating package is loaded.
Package caption Info: wrapfig package is loaded.
Package caption Info: End \AtBeginDocument code.
LaTeX Info: Redefining \celsius on input line 19.
Package gensymb Info: Faking symbols for \degree and \celsius on input line 19.



Package gensymb Warning: Not defining \perthousand.

LaTeX Info: Redefining \ohm on input line 19.
Package gensymb Info: Using \Omega for \ohm on input line 19.

Package gensymb Warning: Not defining \micro.

\AtBeginShipoutBox=\box36
Package hyperref Info: Link coloring OFF on input line 19.
(c:/texlive/2017/texmf-dist/tex/latex/hyperref/nameref.sty
Package: nameref 2016/05/21 v2.44 Cross-referencing by name of section

(c:/texlive/2017/texmf-dist/tex/generic/oberdiek/gettitlestring.sty
Package: gettitlestring 2016/05/16 v1.5 Cleanup title references (HO)
)
\c@section@level=\count129
)
LaTeX Info: Redefining \ref on input line 19.
LaTeX Info: Redefining \pageref on input line 19.
LaTeX Info: Redefining \nameref on input line 19.

(./finalCFR.out) (./finalCFR.out)
\@outlinefile=\write3
\openout3 = `finalCFR.out'.


*geometry* driver: auto-detecting
*geometry* detected driver: pdftex
*geometry* verbose mode - [ preamble ] result:
* driver: pdftex
* paper: <default>
* layout: <same size as paper>
* layoutoffset:(h,v)=(0.0pt,0.0pt)
* modes: 
* h-part:(L,W,R)=(72.26999pt, 469.75502pt, 72.26999pt)
* v-part:(T,H,B)=(72.26999pt, 650.43001pt, 72.26999pt)
* \paperwidth=614.295pt
* \paperheight=794.96999pt
* \textwidth=469.75502pt
* \textheight=650.43001pt
* \oddsidemargin=0.0pt
* \evensidemargin=0.0pt
* \topmargin=-37.0pt
* \headheight=12.0pt
* \headsep=25.0pt
* \topskip=10.0pt
* \footskip=30.0pt
* \marginparwidth=65.0pt
* \marginparsep=11.0pt
* \columnsep=10.0pt
* \skip\footins=9.0pt plus 4.0pt minus 2.0pt
* \hoffset=0.0pt
* \voffset=0.0pt
* \mag=1000
* \@twocolumnfalse
* \@twosidefalse
* \@mparswitchfalse
* \@reversemarginfalse
* (1in=72.27pt=25.4mm, 1cm=28.453pt)

[1

{c:/texlive/2017/texmf-var/fonts/map/pdftex/updmap/pdftex.map}]
(./finalCFR.tocpdfTeX warning (ext4): destination with the same identifier (nam
e{page.1}) has been already used, duplicate ignored
<to be read again> 
                   \relax 
l.59 ...line {3}Module Improvement}{42}{chapter.3}
                                                   [1

])
\tf@toc=\write4
\openout4 = `finalCFR.toc'.

 [2] (./finalCFR.lof)
\tf@lof=\write5
\openout5 = `finalCFR.lof'.


[3

] [4]pdfTeX warning (ext4): destination with the same identifier (name{page.1})
 has been already used, duplicate ignored
<to be read again> 
                   \relax 
l.33 	\end{abstract}
                     [1]
Chapter 1.

Underfull \hbox (badness 10000) in paragraph at lines 40--41

 []


Underfull \hbox (badness 10000) in paragraph at lines 41--42

 []


Underfull \hbox (badness 10000) in paragraph at lines 42--43

 []


Underfull \hbox (badness 10000) in paragraph at lines 43--44

 []


Underfull \hbox (badness 10000) in paragraph at lines 44--45

 []

pdfTeX warning (ext4): destination with the same identifier (name{page.1}) has 
been already used, duplicate ignored
<to be read again> 
                   \relax 
l.52 		\subsection
                  {CanSat and Base Station Architecture} [1

]
<Block_Diagram.png, id=390, 1330.9725pt x 660.4675pt>
File: Block_Diagram.png Graphic file (type png)
<use Block_Diagram.png>
Package pdftex.def Info: Block_Diagram.png  used on input line 56. on input lin
e 56.
Package pdftex.def Info: Requested size: 532.37958pt x 264.18231pt on input lin
e 56.

Overfull \hbox (62.62456pt too wide) in paragraph at lines 56--57
[] []|  
 []

<Old_CanSat_render.jpg, id=393, 496.10344pt x 812.28468pt>
File: Old_CanSat_render.jpg Graphic file (type jpg)
<use Old_CanSat_render.jpg>
Package pdftex.def Info: Old_CanSat_render.jpg  used on input line 66. on input
 line 66.
Package pdftex.def Info: Requested size: 198.43785pt x 324.90811pt on input lin
e 66.

LaTeX Warning: `h' float specifier changed to `ht'.

pdfTeX warning (ext4): destination with the same identifier (name{page.2}) has 
been already used, duplicate ignored
<to be read again> 
                   \relax 
l.75 
      [2 <./Block_Diagram.png>]pdfTeX warning (ext4): destination with the same
 identifier (name{page.3}) has been already used, duplicate ignored
<to be read again> 
                   \relax 
l.84 
      [3 <./Old_CanSat_render.jpg>]
<old_int_frame.jpg, id=424, 527.72156pt x 801.74532pt>
File: old_int_frame.jpg Graphic file (type jpg)
<use old_int_frame.jpg>
Package pdftex.def Info: old_int_frame.jpg  used on input line 94. on input lin
e 94.
Package pdftex.def Info: Requested size: 211.08488pt x 320.69244pt on input lin
e 94.
<old_frame.jpg, id=426, 2104.86375pt x 1514.65875pt>
File: old_frame.jpg Graphic file (type jpg)
<use old_frame.jpg>
Package pdftex.def Info: old_frame.jpg  used on input line 107. on input line 1
07.
Package pdftex.def Info: Requested size: 315.71594pt x 227.18901pt on input lin
e 107.


LaTeX Warning: `h' float specifier changed to `ht'.

<cansat-shell.jpg, id=428, 2427.0675pt x 2931.95375pt>
File: cansat-shell.jpg Graphic file (type jpg)
<use cansat-shell.jpg>
Package pdftex.def Info: cansat-shell.jpg  used on input line 117. on input lin
e 117.
Package pdftex.def Info: Requested size: 242.72096pt x 293.21255pt on input lin
e 117.

LaTeX Warning: `h' float specifier changed to `ht'.

pdfTeX warning (ext4): destination with the same identifier (name{page.4}) has 
been already used, duplicate ignored
<to be read again> 
                   \relax 
l.126 
       [4 <./old_int_frame.jpg>]
<old_cansat_side.jpg, id=435, 681.29532pt x 1018.55531pt>
File: old_cansat_side.jpg Graphic file (type jpg)
<use old_cansat_side.jpg>
Package pdftex.def Info: old_cansat_side.jpg  used on input line 128. on input 
line 128.
Package pdftex.def Info: Requested size: 272.51329pt x 407.4149pt on input line
 128.


LaTeX Warning: `h' float specifier changed to `ht'.

<annotated_cansat.png, id=437, 1003.49907pt x 877.02657pt>
File: annotated_cansat.png Graphic file (type png)
<use annotated_cansat.png>
Package pdftex.def Info: annotated_cansat.png  used on input line 136. on input
 line 136.
Package pdftex.def Info: Requested size: 200.69626pt x 175.4022pt on input line
 136.

LaTeX Warning: `h' float specifier changed to `ht'.

[5 <./old_frame.jpg>]
<protoboard.jpg, id=447, 1781.65625pt x 2553.54pt>
File: protoboard.jpg Graphic file (type jpg)
<use protoboard.jpg>
Package pdftex.def Info: protoboard.jpg  used on input line 153. on input line 
153.
Package pdftex.def Info: Requested size: 178.17606pt x 255.36896pt on input lin
e 153.


LaTeX Warning: `h' float specifier changed to `ht'.

[6 <./cansat-shell.jpg>] [7 <./old_cansat_side.jpg>] [8 <./annotated_cansat.png
>]
<old_gui.jpg, id=482, 895.09406pt x 511.9125pt>
File: old_gui.jpg Graphic file (type jpg)
<use old_gui.jpg>
Package pdftex.def Info: old_gui.jpg  used on input line 204. on input line 204
.
Package pdftex.def Info: Requested size: 358.03127pt x 204.76137pt on input lin
e 204.


LaTeX Warning: `h' float specifier changed to `ht'.

[9 <./protoboard.jpg>] [10]
<CanSat_render.jpg, id=495, 539.76656pt x 812.28468pt>
File: CanSat_render.jpg Graphic file (type jpg)
<use CanSat_render.jpg>
Package pdftex.def Info: CanSat_render.jpg  used on input line 252. on input li
ne 252.
Package pdftex.def Info: Requested size: 187.90271pt x 282.76698pt on input lin
e 252.
<new_cansat.jpg, id=496, 1256.695pt x 2366.8425pt>
File: new_cansat.jpg Graphic file (type jpg)
<use new_cansat.jpg>
Package pdftex.def Info: new_cansat.jpg  used on input line 256. on input line 
256.
Package pdftex.def Info: Requested size: 140.92793pt x 265.40959pt on input lin
e 256.
<cansat_internal_frame_render.jpg, id=498, 458.46281pt x 810.77907pt>
File: cansat_internal_frame_render.jpg Graphic file (type jpg)
<use cansat_internal_frame_render.jpg>
Package pdftex.def Info: cansat_internal_frame_render.jpg  used on input line 2
77. on input line 277.
Package pdftex.def Info: Requested size: 183.38187pt x 324.30588pt on input lin
e 277.


LaTeX Warning: `h' float specifier changed to `ht'.

<Top_frame_render.jpg, id=500, 667.74469pt x 810.77907pt>
File: Top_frame_render.jpg Graphic file (type jpg)
<use Top_frame_render.jpg>
Package pdftex.def Info: Top_frame_render.jpg  used on input line 293. on input
 line 293.
Package pdftex.def Info: Requested size: 267.09314pt x 324.30588pt on input lin
e 293.

LaTeX Warning: `h' float specifier changed to `ht'.

<Bottom_frame_render.jpg, id=502, 672.26157pt x 810.77907pt>
File: Bottom_frame_render.jpg Graphic file (type jpg)
<use Bottom_frame_render.jpg>
Package pdftex.def Info: Bottom_frame_render.jpg  used on input line 309. on in
put line 309.
Package pdftex.def Info: Requested size: 268.89986pt x 324.30588pt on input lin
e 309.

LaTeX Warning: `h' float specifier changed to `ht'.

<pla_frame.jpg, id=504, 1362.08875pt x 1767.60374pt>
File: pla_frame.jpg Graphic file (type jpg)
<use pla_frame.jpg>
Package pdftex.def Info: pla_frame.jpg  used on input line 317. on input line 3
17.
Package pdftex.def Info: Requested size: 204.30449pt x 265.12912pt on input lin
e 317.

LaTeX Warning: `h' float specifier changed to `ht'.

<steel_frame.jpg, id=506, 1815.78375pt x 2153.04375pt>
File: steel_frame.jpg Graphic file (type jpg)
<use steel_frame.jpg>
Package pdftex.def Info: steel_frame.jpg  used on input line 326. on input line
 326.
Package pdftex.def Info: Requested size: 272.3558pt x 322.94263pt on input line
 326.

LaTeX Warning: `h' float specifier changed to `ht'.

<nylon_frame.jpg, id=508, 1105.12875pt x 1456.44125pt>
File: nylon_frame.jpg Graphic file (type jpg)
<use nylon_frame.jpg>
Package pdftex.def Info: nylon_frame.jpg  used on input line 336. on input line
 336.
Package pdftex.def Info: Requested size: 165.76216pt x 218.45676pt on input lin
e 336.
[11 <./old_gui.jpg>]

LaTeX Warning: `h' float specifier changed to `ht'.

<rawshell.jpg, id=515, 1667.22874pt x 2028.57875pt>
File: rawshell.jpg Graphic file (type jpg)
<use rawshell.jpg>
Package pdftex.def Info: rawshell.jpg  used on input line 351. on input line 35
1.
Package pdftex.def Info: Requested size: 187.90271pt x 228.62314pt on input lin
e 351.
<Mold_render.jpg, id=516, 565.36218pt x 812.28468pt>
File: Mold_render.jpg Graphic file (type jpg)
<use Mold_render.jpg>
Package pdftex.def Info: Mold_render.jpg  used on input line 355. on input line
 355.
Package pdftex.def Info: Requested size: 164.41353pt x 236.21342pt on input lin
e 355.
Missing character: There is no â in font cmr10!
Missing character: There is no € in font cmr10!
Missing character: There is no “ in font cmr10!
<bareframe.jpg, id=518, 1920.17375pt x 2875.74374pt>
File: bareframe.jpg Graphic file (type jpg)
<use bareframe.jpg>
Package pdftex.def Info: bareframe.jpg  used on input line 367. on input line 3
67.
Package pdftex.def Info: Requested size: 164.41353pt x 246.21213pt on input lin
e 367.
<Outer_shell_render.jpg, id=519, 613.54219pt x 812.28468pt>
File: Outer_shell_render.jpg Graphic file (type jpg)
<use Outer_shell_render.jpg>
Package pdftex.def Info: Outer_shell_render.jpg  used on input line 371. on inp
ut line 371.
Package pdftex.def Info: Requested size: 187.90271pt x 248.76901pt on input lin
e 371.
<electronics_mount_render.jpg, id=521, 706.89093pt x 812.28468pt>
File: electronics_mount_render.jpg Graphic file (type jpg)
<use electronics_mount_render.jpg>
Package pdftex.def Info: electronics_mount_render.jpg  used on input line 383. 
on input line 383.
Package pdftex.def Info: Requested size: 353.4446pt x 406.14134pt on input line
 383.

LaTeX Warning: `h' float specifier changed to `ht'.

[12 <./CanSat_render.jpg> <./new_cansat.jpg>]
<pcbs.jpg, id=529, 4047.12pt x 3035.34pt>
File: pcbs.jpg Graphic file (type jpg)
<use pcbs.jpg>
Package pdftex.def Info: pcbs.jpg  used on input line 400. on input line 400.
Package pdftex.def Info: Requested size: 404.73572pt x 303.55179pt on input lin
e 400.


LaTeX Warning: `h' float specifier changed to `ht'.

<CanSat-detail.png, id=532, 636.87938pt x 797.98125pt>
File: CanSat-detail.png Graphic file (type png)
<use CanSat-detail.png>
Package pdftex.def Info: CanSat-detail.png  used on input line 410. on input li
ne 410.
Package pdftex.def Info: Requested size: 445.81253pt x 558.58307pt on input lin
e 410.

LaTeX Warning: `h' float specifier changed to `ht'.

[13 <./cansat_internal_frame_render.jpg>]
<CanSat-software-diagram.png, id=543, 980.66376pt x 366.36874pt>
File: CanSat-software-diagram.png Graphic file (type png)
<use CanSat-software-diagram.png>
Package pdftex.def Info: CanSat-software-diagram.png  used on input line 438. o
n input line 438.
Package pdftex.def Info: Requested size: 686.45995pt x 256.45636pt on input lin
e 438.

Overfull \hbox (36.02994pt too wide) in paragraph at lines 438--439
 [][] 
 []

[14 <./Top_frame_render.jpg>] [15 <./Bottom_frame_render.jpg>] [16 <./pla_frame
.jpg>]
<base_station.png, id=572, 1177.39874pt x 701.62125pt>
File: base_station.png Graphic file (type png)
<use base_station.png>
Package pdftex.def Info: base_station.png  used on input line 477. on input lin
e 477.
Package pdftex.def Info: Requested size: 647.57132pt x 385.89287pt on input lin
e 477.
<Base-Station-program-flow.png, id=573, 282.05376pt x 509.905pt>
File: Base-Station-program-flow.png Graphic file (type png)
<use Base-Station-program-flow.png>
Package pdftex.def Info: Base-Station-program-flow.png  used on input line 483.
 on input line 483.
Package pdftex.def Info: Requested size: 197.43626pt x 356.93106pt on input lin
e 483.


LaTeX Warning: `h' float specifier changed to `ht'.

[17 <./steel_frame.jpg>] [18 <./nylon_frame.jpg>] [19 <./rawshell.jpg> <./Mold_
render.jpg> <./bareframe.jpg> <./Outer_shell_render.jpg>] [20 <./electronics_mo
unt_render.jpg>] [21 <./pcbs.jpg>] [22 <./CanSat-detail.png>] [23 <./CanSat-sof
tware-diagram.png>] [24 <./base_station.png>] [25 <./Base-Station-program-flow.
png>]
Chapter 2.
<helikite.jpg, id=622, 4047.12pt x 3035.34pt>
File: helikite.jpg Graphic file (type jpg)
<use helikite.jpg>
Package pdftex.def Info: helikite.jpg  used on input line 526. on input line 52
6.
Package pdftex.def Info: Requested size: 526.14407pt x 394.60805pt on input lin
e 526.

LaTeX Warning: `h' float specifier changed to `ht'.

[26

] [27] [28 <./helikite.jpg>]
<temps.png, id=636, 684.30656pt x 496.85625pt>
File: temps.png Graphic file (type png)
<use temps.png>
Package pdftex.def Info: temps.png  used on input line 553. on input line 553.
Package pdftex.def Info: Requested size: 479.01132pt x 347.797pt on input line 
553.

Overfull \hbox (9.2563pt too wide) in paragraph at lines 553--554
[] []|  
 []

<pressure.png, id=639, 684.30656pt x 496.85625pt>
File: pressure.png Graphic file (type png)
<use pressure.png>
Package pdftex.def Info: pressure.png  used on input line 563. on input line 56
3.
Package pdftex.def Info: Requested size: 479.01132pt x 347.797pt on input line 
563.

Overfull \hbox (9.2563pt too wide) in paragraph at lines 563--564
[] []|  
 []


LaTeX Warning: `h' float specifier changed to `ht'.

<altitude.png, id=640, 684.30656pt x 496.85625pt>
File: altitude.png Graphic file (type png)
<use altitude.png>
Package pdftex.def Info: altitude.png  used on input line 569. on input line 56
9.
Package pdftex.def Info: Requested size: 479.01132pt x 347.797pt on input line 
569.

Overfull \hbox (9.2563pt too wide) in paragraph at lines 569--570
[] []|  
 []


LaTeX Warning: `h' float specifier changed to `ht'.

<accel_mag.png, id=641, 684.30656pt x 496.85625pt>
File: accel_mag.png Graphic file (type png)
<use accel_mag.png>
Package pdftex.def Info: accel_mag.png  used on input line 577. on input line 5
77.
Package pdftex.def Info: Requested size: 479.01132pt x 347.797pt on input line 
577.

Overfull \hbox (9.2563pt too wide) in paragraph at lines 577--578
[] []|  
 []


LaTeX Warning: `h' float specifier changed to `ht'.

<humidity.png, id=643, 684.30656pt x 496.85625pt>
File: humidity.png Graphic file (type png)
<use humidity.png>
Package pdftex.def Info: humidity.png  used on input line 585. on input line 58
5.
Package pdftex.def Info: Requested size: 479.01132pt x 347.797pt on input line 
585.

Overfull \hbox (9.2563pt too wide) in paragraph at lines 585--586
[] []|  
 []

[29

 <./temps.png>]

LaTeX Warning: `h' float specifier changed to `ht'.

<mag.png, id=652, 684.30656pt x 496.85625pt>
File: mag.png Graphic file (type png)
<use mag.png>
Package pdftex.def Info: mag.png  used on input line 600. on input line 600.
Package pdftex.def Info: Requested size: 234.8775pt x 170.53613pt on input line
 600.
<gyro.png, id=653, 684.30656pt x 496.85625pt>
File: gyro.png Graphic file (type png)
<use gyro.png>
Package pdftex.def Info: gyro.png  used on input line 604. on input line 604.
Package pdftex.def Info: Requested size: 234.8775pt x 170.53613pt on input line
 604.
[30 <./pressure.png>] [31 <./altitude.png>] [32 <./accel_mag.png>] [33 <./humid
ity.png> <./mag.png> <./gyro.png>]
<rocket_load.jpg, id=676, 4047.12pt x 3035.34pt>
File: rocket_load.jpg Graphic file (type jpg)
<use rocket_load.jpg>
Package pdftex.def Info: rocket_load.jpg  used on input line 647. on input line
 647.
Package pdftex.def Info: Requested size: 404.73572pt x 303.55179pt on input lin
e 647.


LaTeX Warning: `h' float specifier changed to `ht'.

<rlaunch.png, id=678, 1445.4pt x 2569.6pt>
File: rlaunch.png Graphic file (type png)
<use rlaunch.png>
Package pdftex.def Info: rlaunch.png  used on input line 658. on input line 658
.
Package pdftex.def Info: Requested size: 361.34912pt x 642.39844pt on input lin
e 658.

LaTeX Warning: Float too large for page by 13.96843pt on input line 661.


LaTeX Warning: `h' float specifier changed to `ht'.


Underfull \hbox (badness 10000) in paragraph at lines 668--669

 []


Underfull \hbox (badness 10000) in paragraph at lines 669--670

 []

<cloc.jpg, id=680, 310.15875pt x 382.42876pt>
File: cloc.jpg Graphic file (type jpg)
<use cloc.jpg>
Package pdftex.def Info: cloc.jpg  used on input line 680. on input line 680.
Package pdftex.def Info: Requested size: 372.18863pt x 458.9122pt on input line
 680.

LaTeX Warning: `h' float specifier changed to `ht'.

<retrieval.jpg, id=681, 4047.12pt x 3035.34pt>
File: retrieval.jpg Graphic file (type jpg)
<use retrieval.jpg>
Package pdftex.def Info: retrieval.jpg  used on input line 686. on input line 6
86.
Package pdftex.def Info: Requested size: 526.14407pt x 394.60805pt on input lin
e 686.

Overfull \hbox (56.38905pt too wide) in paragraph at lines 686--687
[] []|  
 []


LaTeX Warning: `h' float specifier changed to `ht'.

[34

] [35 <./rocket_load.jpg>] [36 <./rlaunch.png>] [37 <./cloc.jpg>] [38 <./retrie
val.jpg>]
<hum_fin.png, id=712, 685.8122pt x 498.36188pt>
File: hum_fin.png Graphic file (type png)
<use hum_fin.png>
Package pdftex.def Info: hum_fin.png  used on input line 705. on input line 705
.
Package pdftex.def Info: Requested size: 480.06528pt x 348.85094pt on input lin
e 705.

Overfull \hbox (10.31026pt too wide) in paragraph at lines 705--706
[] []|  
 []

<temp_fin.png, id=713, 685.8122pt x 498.36188pt>
File: temp_fin.png Graphic file (type png)
<use temp_fin.png>
Package pdftex.def Info: temp_fin.png  used on input line 711. on input line 71
1.
Package pdftex.def Info: Requested size: 480.06528pt x 348.85094pt on input lin
e 711.

Overfull \hbox (10.31026pt too wide) in paragraph at lines 711--712
[] []|  
 []


LaTeX Warning: `h' float specifier changed to `ht'.

<pres_fin.png, id=714, 685.8122pt x 498.36188pt>
File: pres_fin.png Graphic file (type png)
<use pres_fin.png>
Package pdftex.def Info: pres_fin.png  used on input line 717. on input line 71
7.
Package pdftex.def Info: Requested size: 480.06528pt x 348.85094pt on input lin
e 717.

Overfull \hbox (10.31026pt too wide) in paragraph at lines 717--718
[] []|  
 []


LaTeX Warning: `h' float specifier changed to `ht'.

[39

 <./hum_fin.png>] [40 <./temp_fin.png>] [41 <./pres_fin.png>]
Chapter 3.

Underfull \hbox (badness 10000) in paragraph at lines 790--791

 []

[42

]
Underfull \hbox (badness 10000) in paragraph at lines 791--792

 []


Underfull \hbox (badness 10000) in paragraph at lines 808--809

 []

[43]
Chapter 4.
<website.png, id=769, 313.17pt x 601.24625pt>
File: website.png Graphic file (type png)
<use website.png>
Package pdftex.def Info: website.png  used on input line 824. on input line 824
.
Package pdftex.def Info: Requested size: 140.92793pt x 270.56747pt on input lin
e 824.
<brochure.png, id=770, 494.84875pt x 703.62875pt>
File: brochure.png Graphic file (type png)
<use brochure.png>
Package pdftex.def Info: brochure.png  used on input line 828. on input line 82
8.
Package pdftex.def Info: Requested size: 187.90271pt x 267.1777pt on input line
 828.
[44

]
<ed1.jpg, id=795, 2055.68pt x 1156.32pt>
File: ed1.jpg Graphic file (type jpg)
<use ed1.jpg>
Package pdftex.def Info: ed1.jpg  used on input line 846. on input line 846.
Package pdftex.def Info: Requested size: 187.90271pt x 105.68755pt on input lin
e 846.
<ed2.jpg, id=796, 2055.68pt x 1156.32pt>
File: ed2.jpg Graphic file (type jpg)
<use ed2.jpg>
Package pdftex.def Info: ed2.jpg  used on input line 850. on input line 850.
Package pdftex.def Info: Requested size: 187.90271pt x 105.68755pt on input lin
e 850.
 [45 <./website.png> <./brochure.png> <./ed1.jpg> <./ed2.jpg>]
<mfaire.jpg, id=804, 4047.12pt x 3035.34pt>
File: mfaire.jpg Graphic file (type jpg)
<use mfaire.jpg>
Package pdftex.def Info: mfaire.jpg  used on input line 859. on input line 859.

Package pdftex.def Info: Requested size: 404.73572pt x 303.55179pt on input lin
e 859.
 [46 <./mfaire.jpg>]
Chapter 5.
[47

]
Package atveryend Info: Empty hook `BeforeClearDocument' on input line 918.
 [48]
Package atveryend Info: Empty hook `AfterLastShipout' on input line 918.
 (./finalCFR.aux)
Package atveryend Info: Executing hook `AtVeryEndDocument' on input line 918.
Package atveryend Info: Executing hook `AtEndAfterFileList' on input line 918.
Package rerunfilecheck Info: File `finalCFR.out' has not changed.
(rerunfilecheck)             Checksum: 285BE8E3B3C1EE19F7E2F2F482EC03DF;3476.
Package atveryend Info: Empty hook `AtVeryVeryEnd' on input line 918.
 ) 
Here is how much of TeX's memory you used:
 8121 strings out of 492995
 121121 string characters out of 6136402
 219726 words of memory out of 5000000
 11321 multiletter control sequences out of 15000+600000
 10698 words of font info for 39 fonts, out of 8000000 for 9000
 1141 hyphenation exceptions out of 8191
 42i,10n,40p,983b,502s stack positions out of 5000i,500n,10000p,200000b,80000s
<c:/texlive/2017/texmf-dist/fonts/type1/public/amsfonts/cm/cmbx10.pfb><c:/tex
live/2017/texmf-dist/fonts/type1/public/amsfonts/cm/cmbx12.pfb><c:/texlive/2017
/texmf-dist/fonts/type1/public/amsfonts/cm/cmex10.pfb><c:/texlive/2017/texmf-di
st/fonts/type1/public/amsfonts/cm/cmmi10.pfb><c:/texlive/2017/texmf-dist/fonts/
type1/public/amsfonts/cm/cmmi7.pfb><c:/texlive/2017/texmf-dist/fonts/type1/publ
ic/amsfonts/cm/cmr10.pfb><c:/texlive/2017/texmf-dist/fonts/type1/public/amsfont
s/cm/cmr12.pfb><c:/texlive/2017/texmf-dist/fonts/type1/public/amsfonts/cm/cmr17
.pfb><c:/texlive/2017/texmf-dist/fonts/type1/public/amsfonts/cm/cmr6.pfb><c:/te
xlive/2017/texmf-dist/fonts/type1/public/amsfonts/cm/cmr7.pfb><c:/texlive/2017/
texmf-dist/fonts/type1/public/amsfonts/cm/cmr8.pfb><c:/texlive/2017/texmf-dist/
fonts/type1/public/amsfonts/cm/cmsy10.pfb><c:/texlive/2017/texmf-dist/fonts/typ
e1/public/amsfonts/cm/cmsy7.pfb><c:/texlive/2017/texmf-dist/fonts/type1/public/
amsfonts/cm/cmti10.pfb><c:/texlive/2017/texmf-dist/fonts/type1/public/eurosym/f
eymr10.pfb>
Output written on finalCFR.pdf (54 pages, 22431668 bytes).
PDF statistics:
 920 PDF objects out of 1000 (max. 8388607)
 786 compressed objects within 8 object streams
 230 named destinations out of 1000 (max. 500000)
 644 words of extra memory for PDF output out of 10000 (max. 10000000)

